# JRE version: Java(TM) SE Runtime Environment 18.9 (11.0.15.1+2) (build 11.0.15.1+2-LTS-10)
# Java VM: Java HotSpot(TM) 64-Bit Server VM 18.9 (11.0.15.1+2-LTS-10, mixed mode, tiered, compressed oops, g1 gc, windows-amd64)
Heap:
 garbage-first heap   total 141312K, used 42876K [0x00000000e1c00000, 0x0000000100000000)
  region size 1024K, 5 young (5120K), 1 survivors (1024K)
 Metaspace       used 32898K, capacity 33691K, committed 33792K, reserved 1089536K
  class space    used 3749K, capacity 4046K, committed 4096K, reserved 1048576K
GC Heap History (10 events):
Event: 25.250 GC heap before
{Heap before GC invocations=210 (full 0):
 garbage-first heap   total 141312K, used 60121K [0x00000000e1c00000, 0x0000000100000000)
  region size 1024K, 2 young (2048K), 1 survivors (1024K)
 Metaspace       used 31287K, capacity 32025K, committed 32256K, reserved 1077248K
  class space    used 3539K, capacity 3832K, committed 3840K, reserved 1048576K
}
Event: 25.252 GC heap after
{Heap after GC invocations=211 (full 0):
 garbage-first heap   total 141312K, used 44772K [0x00000000e1c00000, 0x0000000100000000)
  region size 1024K, 1 young (1024K), 1 survivors (1024K)
 Metaspace       used 31287K, capacity 32025K, committed 32256K, reserved 1077248K
  class space    used 3539K, capacity 3832K, committed 3840K, reserved 1048576K
}
Event: 25.457 GC heap before
{Heap before GC invocations=212 (full 0):
 garbage-first heap   total 141312K, used 60132K [0x00000000e1c00000, 0x0000000100000000)
  region size 1024K, 2 young (2048K), 1 survivors (1024K)
 Metaspace       used 31287K, capacity 32025K, committed 32256K, reserved 1077248K
  class space    used 3539K, capacity 3832K, committed 3840K, reserved 1048576K
}
Event: 25.459 GC heap after
{Heap after GC invocations=213 (full 0):
 garbage-first heap   total 141312K, used 49890K [0x00000000e1c00000, 0x0000000100000000)
  region size 1024K, 1 young (1024K), 1 survivors (1024K)
 Metaspace       used 31287K, capacity 32025K, committed 32256K, reserved 1077248K
  class space    used 3539K, capacity 3832K, committed 3840K, reserved 1048576K
}
Event: 25.586 GC heap before
{Heap before GC invocations=214 (full 0):
 garbage-first heap   total 141312K, used 60130K [0x00000000e1c00000, 0x0000000100000000)
  region size 1024K, 2 young (2048K), 1 survivors (1024K)
 Metaspace       used 31287K, capacity 32025K, committed 32256K, reserved 1077248K
  class space    used 3539K, capacity 3832K, committed 3840K, reserved 1048576K
}
Event: 25.588 GC heap after
{Heap after GC invocations=215 (full 0):
 garbage-first heap   total 141312K, used 44777K [0x00000000e1c00000, 0x0000000100000000)
  region size 1024K, 1 young (1024K), 1 survivors (1024K)
 Metaspace       used 31287K, capacity 32025K, committed 32256K, reserved 1077248K
  class space    used 3539K, capacity 3832K, committed 3840K, reserved 1048576K
}
Event: 25.768 GC heap before
{Heap before GC invocations=216 (full 0):
 garbage-first heap   total 141312K, used 60137K [0x00000000e1c00000, 0x0000000100000000)
  region size 1024K, 2 young (2048K), 1 survivors (1024K)
 Metaspace       used 31291K, capacity 32025K, committed 32256K, reserved 1077248K
  class space    used 3539K, capacity 3832K, committed 3840K, reserved 1048576K
}
Event: 25.769 GC heap after
{Heap after GC invocations=217 (full 0):
 garbage-first heap   total 141312K, used 49904K [0x00000000e1c00000, 0x0000000100000000)
  region size 1024K, 1 young (1024K), 1 survivors (1024K)
 Metaspace       used 31291K, capacity 32025K, committed 32256K, reserved 1077248K
  class space    used 3539K, capacity 3832K, committed 3840K, reserved 1048576K
}
Event: 32.813 GC heap before
{Heap before GC invocations=218 (full 0):
 garbage-first heap   total 141312K, used 66288K [0x00000000e1c00000, 0x0000000100000000)
  region size 1024K, 8 young (8192K), 1 survivors (1024K)
 Metaspace       used 32117K, capacity 32873K, committed 32896K, reserved 1085440K
  class space    used 3661K, capacity 3945K, committed 3968K, reserved 1048576K
}
Event: 32.817 GC heap after
{Heap after GC invocations=219 (full 0):
 garbage-first heap   total 141312K, used 39804K [0x00000000e1c00000, 0x0000000100000000)
  region size 1024K, 1 young (1024K), 1 survivors (1024K)
 Metaspace       used 32117K, capacity 32873K, committed 32896K, reserved 1085440K
  class space    used 3661K, capacity 3945K, committed 3968K, reserved 1048576K
}

